/home/mira/PycharmProjects/gp_plankton_model/train/train.py:132: DtypeWarning: Columns (64,65,130,131,188) have mixed types. Specify dtype option on import or set low_memory=False.
  df = pd.read_csv(train_config["data_path"])
/home/mira/PycharmProjects/gp_plankton_model/train/train.py:112: MatplotlibDeprecationWarning: Support for passing numbers through unit converters is deprecated since 3.5 and support will be removed two minor releases later; use Axis.convert_units instead.
  fig.savefig(train_test_img)
/home/mira/PycharmProjects/gp_plankton_model/train/train.py:112: MatplotlibDeprecationWarning: Support for passing numbers through unit converters is deprecated since 3.5 and support will be removed two minor releases later; use Axis.convert_units instead.
  fig.savefig(train_test_img)
Traceback (most recent call last):
  File "/home/mira/anaconda3/envs/pyro/lib/python3.10/site-packages/wandb/sdk/wandb_config.py", line 160, in __getattr__
    return self.__getitem__(key)
  File "/home/mira/anaconda3/envs/pyro/lib/python3.10/site-packages/wandb/sdk/wandb_config.py", line 127, in __getitem__
    return self._items[key]
KeyError: 'better_lower_bound'
The above exception was the direct cause of the following exception:
Traceback (most recent call last):
  File "/home/mira/PycharmProjects/gp_plankton_model/train/train.py", line 149, in <module>
    likelihood = gpytorch.likelihoods.GaussianLikelihood(noise_constraint=gpytorch.constraints.GreaterThan(config.better_lower_bound))
  File "/home/mira/anaconda3/envs/pyro/lib/python3.10/site-packages/wandb/sdk/wandb_config.py", line 162, in __getattr__
    raise AttributeError(
AttributeError: '<class 'wandb.sdk.wandb_config.Config'>' object has no attribute 'better_lower_bound'
X_train shape:  torch.Size([2694])
y_train shape:  torch.Size([2694])
X_train dtype:  torch.float32
y_train dtpye:  torch.float32